[19:59:08] [DEBUG] Loading API from .\ScriptHookVDotNet2.dll ...
[19:59:08] [DEBUG] Loading API from .\ScriptHookVDotNet3.dll ...
[19:59:08] [DEBUG] Initializing NativeMemory members...
[19:59:09] [DEBUG] Loading scripts from F:\GTA5\Grand Theft Auto V Legacy\scripts ...
[19:59:09] [DEBUG] Loading assembly LemonUI.RagePluginHook.dll ...
[19:59:09] [INFO] Found no compatible scripts in LemonUI.RagePluginHook.dll but loaded for scripts.
[19:59:09] [DEBUG] Loading assembly LemonUI.SHVDN3.dll ...
[19:59:10] [INFO] Found 0 script(s) in LemonUI.SHVDN3.dll (target API version: 3.6.0).
[19:59:10] [DEBUG] Loading assembly ViewPointV-nightly.dll ...
[19:59:10] [INFO] Found 34 script(s) in ViewPointV-nightly.dll resolved to API version 3.7.0 (target API version: 3.7.0).
[19:59:10] [DEBUG] Loading assembly ViewPointVLite.dll ...
[19:59:10] [INFO] Found 10 script(s) in ViewPointVLite.dll resolved to API version 3.7.0 (target API version: 3.7.0).
[19:59:10] [DEBUG] Instantiating script A.a ...
[19:59:10] [INFO] Started script A.a.
[19:59:10] [DEBUG] Instantiating script A.A ...
[19:59:10] [INFO] Started script A.A.
[19:59:10] [DEBUG] Instantiating script A.b ...
[19:59:10] [INFO] Started script A.b.
[19:59:10] [DEBUG] Instantiating script A.B ...
[19:59:10] [INFO] Started script A.B.
[19:59:10] [DEBUG] Instantiating script A.c ...
[19:59:10] [INFO] Started script A.c.
[19:59:10] [DEBUG] Instantiating script A.C ...
[19:59:10] [INFO] Started script A.C.
[19:59:10] [DEBUG] Instantiating script A.D ...
[19:59:10] [INFO] Started script A.D.
[19:59:10] [DEBUG] Instantiating script A.e ...
[19:59:10] [INFO] Started script A.e.
[19:59:10] [DEBUG] Instantiating script A.E ...
[19:59:10] [INFO] Started script A.E.
[19:59:10] [DEBUG] Instantiating script A.f ...
[19:59:10] [INFO] Started script A.f.
[19:59:10] [DEBUG] Instantiating script A.F ...
[19:59:10] [ERROR] Failed to instantiate script A.F because constructor threw an exception: System.NullReferenceException: Object reference not set to an instance of an object.
   at A.F.A()
[19:59:10] [DEBUG] Instantiating script A.g ...
[19:59:10] [INFO] Started script A.g.
[19:59:10] [DEBUG] Instantiating script A.G ...
[19:59:10] [INFO] Started script A.G.
[19:59:10] [DEBUG] Instantiating script A.h ...
[19:59:10] [INFO] Started script A.h.
[19:59:10] [DEBUG] Instantiating script A.H ...
[19:59:10] [INFO] Started script A.H.
[19:59:10] [DEBUG] Instantiating script A.I ...
[19:59:10] [INFO] Started script A.I.
[19:59:10] [DEBUG] Instantiating script ViewPointV.ChestCamMenu ...
[19:59:10] [INFO] Started script ViewPointV.ChestCamMenu.
[19:59:10] [DEBUG] Instantiating script ViewPointV.DashCamMenu ...
[19:59:10] [INFO] Started script ViewPointV.DashCamMenu.
[19:59:10] [DEBUG] Instantiating script ViewPointV.Events ...
[19:59:10] [INFO] Started script ViewPointV.Events.
[19:59:10] [DEBUG] Instantiating script ViewPointV.FPMenu ...
[19:59:10] [INFO] Started script ViewPointV.FPMenu.
[19:59:10] [DEBUG] Instantiating script ViewPointV.HeadCamMenu ...
[19:59:10] [INFO] Started script ViewPointV.HeadCamMenu.
[19:59:10] [DEBUG] Instantiating script ViewPointV.Input ...
[19:59:10] [ERROR] Failed to instantiate script ViewPointV.Input because constructor threw an exception: System.NullReferenceException: Object reference not set to an instance of an object.
   at ViewPointV.Input.Load()
   at ViewPointV.Input..ctor()
[19:59:10] [DEBUG] Instantiating script ViewPointV.InVehicleTopDownCamera ...
[19:59:10] [INFO] Started script ViewPointV.InVehicleTopDownCamera.
[19:59:10] [DEBUG] Instantiating script ViewPointV.MainMenu ...
[19:59:10] [ERROR] Failed to instantiate script ViewPointV.MainMenu because constructor threw an exception: System.ArgumentOutOfRangeException: Index was out of range. Must be non-negative and less than the size of the collection.
Parameter name: index
   at System.ThrowHelper.ThrowArgumentOutOfRangeException(ExceptionArgument argument, ExceptionResource resource)
   at ViewPointV.MainMenu.IsEditableCameraActive()
   at ViewPointV.MainMenu.UpdateButtons()
   at ViewPointV.MainMenu.Load()
   at ViewPointV.MainMenu..ctor()
[19:59:10] [DEBUG] Instantiating script ViewPointV.OnFootTopDownCamera ...
[19:59:10] [INFO] Started script ViewPointV.OnFootTopDownCamera.
[19:59:10] [DEBUG] Instantiating script ViewPointV.OverlayMenu ...
[19:59:10] [INFO] Started script ViewPointV.OverlayMenu.
[19:59:10] [DEBUG] Instantiating script ViewPointV.ShoulderCameraMenu ...
[19:59:10] [INFO] Started script ViewPointV.ShoulderCameraMenu.
[19:59:10] [DEBUG] Instantiating script ViewPointV.ThirdPersonCameraMenu ...
[19:59:10] [INFO] Started script ViewPointV.ThirdPersonCameraMenu.
[19:59:10] [DEBUG] Instantiating script ViewPointV.Tutorial ...
[19:59:10] [ERROR] Failed to instantiate script ViewPointV.Tutorial because constructor threw an exception: System.NullReferenceException: Object reference not set to an instance of an object.
   at ViewPointV.Tutorial.Load()
   at ViewPointV.Tutorial..ctor()
[19:59:10] [DEBUG] Instantiating script ViewPointV.VehicleChase2Menu ...
[19:59:10] [INFO] Started script ViewPointV.VehicleChase2Menu.
[19:59:10] [DEBUG] Instantiating script ViewPointV.VehicleChaseMenu ...
[19:59:10] [INFO] Started script ViewPointV.VehicleChaseMenu.
[19:59:10] [DEBUG] Instantiating script ViewPointV.VehicleEntryPointAt ...
[19:59:10] [INFO] Started script ViewPointV.VehicleEntryPointAt.
[19:59:10] [DEBUG] Instantiating script ViewPointV.VehicleEntryVictimFPCamera ...
[19:59:10] [INFO] Started script ViewPointV.VehicleEntryVictimFPCamera.
[19:59:10] [DEBUG] Instantiating script ViewPointV.VehicleFirstPersonMenu ...
[19:59:10] [INFO] Started script ViewPointV.VehicleFirstPersonMenu.
[19:59:10] [DEBUG] Instantiating script ViewPointVLite.CameraManager ...
[19:59:10] [INFO] Started script ViewPointVLite.CameraManager.
[19:59:10] [DEBUG] Instantiating script ViewPointVLite.ChestCam ...
[19:59:10] [INFO] Started script ViewPointVLite.ChestCam.
[19:59:10] [DEBUG] Instantiating script ViewPointVLite.ChestCameraMenu ...
[19:59:10] [INFO] Started script ViewPointVLite.ChestCameraMenu.
[19:59:10] [DEBUG] Instantiating script ViewPointVLite.HeadCamera ...
[19:59:10] [INFO] Started script ViewPointVLite.HeadCamera.
[19:59:10] [DEBUG] Instantiating script ViewPointVLite.HeadCameraMenu ...
[19:59:10] [INFO] Started script ViewPointVLite.HeadCameraMenu.
[19:59:10] [DEBUG] Instantiating script ViewPointVLite.HelperFunctions ...
[19:59:10] [INFO] Started script ViewPointVLite.HelperFunctions.
[19:59:10] [DEBUG] Instantiating script ViewPointVLite.MainMenu ...
[19:59:10] [INFO] Started script ViewPointVLite.MainMenu.
[19:59:10] [DEBUG] Instantiating script ViewPointVLite.Overlay ...
[19:59:10] [INFO] Started script ViewPointVLite.Overlay.
[19:59:10] [DEBUG] Instantiating script ViewPointVLite.ShoulderCamera ...
[19:59:10] [INFO] Started script ViewPointVLite.ShoulderCamera.
[19:59:10] [DEBUG] Instantiating script ViewPointVLite.ShoulderCameraMenu ...
[19:59:10] [INFO] Started script ViewPointVLite.ShoulderCameraMenu.
